# JRE version: Java(TM) SE Runtime Environment (7.0_67-b01) (build 1.7.0_67-b01)
# Java VM: Java HotSpot(TM) Client VM (24.65-b04 mixed mode windows-x86 )
Heap
 par new generation   total 118016K, used 109140K [0x02c00000, 0x0ac00000, 0x0ac00000)
  eden space 104960K,  91% used [0x02c00000, 0x089d52a8, 0x09280000)
  from space 13056K, 100% used [0x09f40000, 0x0ac00000, 0x0ac00000)
  to   space 13056K,   0% used [0x09280000, 0x09280000, 0x09f40000)
 concurrent mark-sweep generation total 275128K, used 177875K [0x0ac00000, 0x1b8ae000, 0x42c00000)
 concurrent-mark-sweep perm gen total 61756K, used 41567K [0x42c00000, 0x4684f000, 0x46c00000)
GC Heap History (10 events):
Event: 77.993 GC heap before
{Heap before GC invocations=62 (full 18):
 par new generation   total 118016K, used 113729K [0x02c00000, 0x0ac00000, 0x0ac00000)
  eden space 104960K, 100% used [0x02c00000, 0x09280000, 0x09280000)
  from space 13056K,  67% used [0x09280000, 0x09b107d8, 0x09f40000)
  to   space 13056K,   0% used [0x09f40000, 0x09f40000, 0x0ac00000)
 concurrent mark-sweep generation total 275128K, used 169185K [0x0ac00000, 0x1b8ae000, 0x42c00000)
 concurrent-mark-sweep perm gen total 61756K, used 38851K [0x42c00000, 0x4684f000, 0x46c00000)
Event: 78.018 GC heap after
Heap after GC invocations=63 (full 18):
 par new generation   total 118016K, used 10061K [0x02c00000, 0x0ac00000, 0x0ac00000)
  eden space 104960K,   0% used [0x02c00000, 0x02c00000, 0x09280000)
  from space 13056K,  77% used [0x09f40000, 0x0a913520, 0x0ac00000)
  to   space 13056K,   0% used [0x09280000, 0x09280000, 0x09f40000)
 concurrent mark-sweep generation total 275128K, used 171600K [0x0ac00000, 0x1b8ae000, 0x42c00000)
 concurrent-mark-sweep perm gen total 61756K, used 38851K [0x42c00000, 0x4684f000, 0x46c00000)
}
Event: 78.686 GC heap before
{Heap before GC invocations=63 (full 18):
 par new generation   total 118016K, used 115021K [0x02c00000, 0x0ac00000, 0x0ac00000)
  eden space 104960K, 100% used [0x02c00000, 0x09280000, 0x09280000)
  from space 13056K,  77% used [0x09f40000, 0x0a913520, 0x0ac00000)
  to   space 13056K,   0% used [0x09280000, 0x09280000, 0x09f40000)
 concurrent mark-sweep generation total 275128K, used 171600K [0x0ac00000, 0x1b8ae000, 0x42c00000)
 concurrent-mark-sweep perm gen total 61756K, used 39421K [0x42c00000, 0x4684f000, 0x46c00000)
Event: 78.707 GC heap after
Heap after GC invocations=64 (full 18):
 par new generation   total 118016K, used 9778K [0x02c00000, 0x0ac00000, 0x0ac00000)
  eden space 104960K,   0% used [0x02c00000, 0x02c00000, 0x09280000)
  from space 13056K,  74% used [0x09280000, 0x09c0c9f8, 0x09f40000)
  to   space 13056K,   0% used [0x09f40000, 0x09f40000, 0x0ac00000)
 concurrent mark-sweep generation total 275128K, used 171600K [0x0ac00000, 0x1b8ae000, 0x42c00000)
 concurrent-mark-sweep perm gen total 61756K, used 39421K [0x42c00000, 0x4684f000, 0x46c00000)
}
Event: 79.246 GC heap before
{Heap before GC invocations=64 (full 18):
 par new generation   total 118016K, used 114738K [0x02c00000, 0x0ac00000, 0x0ac00000)
  eden space 104960K, 100% used [0x02c00000, 0x09280000, 0x09280000)
  from space 13056K,  74% used [0x09280000, 0x09c0c9f8, 0x09f40000)
  to   space 13056K,   0% used [0x09f40000, 0x09f40000, 0x0ac00000)
 concurrent mark-sweep generation total 275128K, used 171600K [0x0ac00000, 0x1b8ae000, 0x42c00000)
 concurrent-mark-sweep perm gen total 61756K, used 39999K [0x42c00000, 0x4684f000, 0x46c00000)
Event: 79.272 GC heap after
Heap after GC invocations=65 (full 18):
 par new generation   total 118016K, used 10693K [0x02c00000, 0x0ac00000, 0x0ac00000)
  eden space 104960K,   0% used [0x02c00000, 0x02c00000, 0x09280000)
  from space 13056K,  81% used [0x09f40000, 0x0a9b17e0, 0x0ac00000)
  to   space 13056K,   0% used [0x09280000, 0x09280000, 0x09f40000)
 concurrent mark-sweep generation total 275128K, used 174049K [0x0ac00000, 0x1b8ae000, 0x42c00000)
 concurrent-mark-sweep perm gen total 61756K, used 39999K [0x42c00000, 0x4684f000, 0x46c00000)
}
Event: 79.863 GC heap before
{Heap before GC invocations=65 (full 18):
 par new generation   total 118016K, used 115653K [0x02c00000, 0x0ac00000, 0x0ac00000)
  eden space 104960K, 100% used [0x02c00000, 0x09280000, 0x09280000)
  from space 13056K,  81% used [0x09f40000, 0x0a9b17e0, 0x0ac00000)
  to   space 13056K,   0% used [0x09280000, 0x09280000, 0x09f40000)
 concurrent mark-sweep generation total 275128K, used 174049K [0x0ac00000, 0x1b8ae000, 0x42c00000)
 concurrent-mark-sweep perm gen total 61756K, used 40628K [0x42c00000, 0x4684f000, 0x46c00000)
Event: 79.890 GC heap after
Heap after GC invocations=66 (full 18):
 par new generation   total 118016K, used 9937K [0x02c00000, 0x0ac00000, 0x0ac00000)
  eden space 104960K,   0% used [0x02c00000, 0x02c00000, 0x09280000)
  from space 13056K,  76% used [0x09280000, 0x09c34648, 0x09f40000)
  to   space 13056K,   0% used [0x09f40000, 0x09f40000, 0x0ac00000)
 concurrent mark-sweep generation total 275128K, used 175527K [0x0ac00000, 0x1b8ae000, 0x42c00000)
 concurrent-mark-sweep perm gen total 61756K, used 40628K [0x42c00000, 0x4684f000, 0x46c00000)
}
Event: 81.947 GC heap before
{Heap before GC invocations=66 (full 18):
 par new generation   total 118016K, used 114897K [0x02c00000, 0x0ac00000, 0x0ac00000)
  eden space 104960K, 100% used [0x02c00000, 0x09280000, 0x09280000)
  from space 13056K,  76% used [0x09280000, 0x09c34648, 0x09f40000)
  to   space 13056K,   0% used [0x09f40000, 0x09f40000, 0x0ac00000)
 concurrent mark-sweep generation total 275128K, used 175527K [0x0ac00000, 0x1b8ae000, 0x42c00000)
 concurrent-mark-sweep perm gen total 61756K, used 41367K [0x42c00000, 0x4684f000, 0x46c00000)
Event: 81.978 GC heap after
Heap after GC invocations=67 (full 18):
 par new generation   total 118016K, used 13056K [0x02c00000, 0x0ac00000, 0x0ac00000)
  eden space 104960K,   0% used [0x02c00000, 0x02c00000, 0x09280000)
  from space 13056K, 100% used [0x09f40000, 0x0ac00000, 0x0ac00000)
  to   space 13056K,   0% used [0x09280000, 0x09280000, 0x09f40000)
 concurrent mark-sweep generation total 275128K, used 177875K [0x0ac00000, 0x1b8ae000, 0x42c00000)
 concurrent-mark-sweep perm gen total 61756K, used 41367K [0x42c00000, 0x4684f000, 0x46c00000)
}

